\BOOKMARK [-1][]{ctitle.-1}{\376\377\127\372\116\216\215\205\133\374\221\317\133\120\153\324\162\171\116\016\126\372\140\001\201\352\145\313\166\204\155\367\124\010\221\317\133\120\174\373\176\337}{}% 1
\BOOKMARK [0][]{thuchapter.1.0}{\376\377\116\055\145\207\144\130\211\201}{ctitle.-1}% 2
\BOOKMARK [0][]{thuchapter.2.0}{\376\377\000A\000B\000S\000T\000R\000A\000C\000T}{ctitle.-1}% 3
\BOOKMARK [0][]{chapter*.6}{\376\377\166\356\000\040\137\125}{ctitle.-1}% 4
\BOOKMARK [0][]{thuchapter.3.0}{\376\377\116\073\211\201\173\046\123\367\133\371\161\147\210\150}{ctitle.-1}% 5
\BOOKMARK [0][]{chapter.1}{\376\377\173\054\0001\172\340\000\040\137\025\212\000\377\032\127\372\116\216\215\205\133\374\221\317\133\120\153\324\162\171\116\016\126\372\140\001\201\352\145\313\166\204\155\367\124\010\221\317\133\120\174\373\176\337\173\200\116\313}{ctitle.-1}% 6
\BOOKMARK [1][-]{section.1.1}{\376\377\0001\000.\0001\000\040\155\367\124\010\221\317\133\120\174\373\176\337\166\204\221\315\211\201\140\047\116\016\163\260\147\011\170\024\172\166\162\266\121\265}{chapter.1}% 7
\BOOKMARK [1][-]{section.1.2}{\376\377\0001\000.\0002\000\040\215\205\133\374\221\317\133\120\174\373\176\337\116\016\136\070\211\301\126\372\140\001\201\352\145\313\174\373\176\337}{chapter.1}% 8
\BOOKMARK [1][-]{section.1.3}{\376\377\0001\000.\0003\000\040\215\205\133\374\221\317\133\120\174\373\176\337\116\016\201\352\145\313\174\373\176\374\166\204\200\046\124\010}{chapter.1}% 9
\BOOKMARK [1][-]{section.1.4}{\376\377\0001\000.\0004\000\040\215\205\133\374\221\317\133\120\153\324\162\171\166\204\122\066\131\007\116\016\155\113\221\317}{chapter.1}% 10
\BOOKMARK [0][]{chapter.2}{\376\377\173\054\0002\172\340\000\040\201\352\145\313\116\016\214\020\143\057\201\124\200\046\124\010\137\072\136\246\116\377\167\037}{ctitle.-1}% 11
\BOOKMARK [1][-]{section.2.1}{\376\377\0002\000.\0001\000\040\145\260\127\213\0003\000D\214\020\143\057\201\124\116\016\201\352\145\313\174\373\176\374\166\204\200\046\124\010}{chapter.2}% 12
\BOOKMARK [1][-]{section.2.2}{\376\377\0002\000.\0002\000\040\0002\000D\136\163\227\142\154\342\133\374\214\020\143\057\201\124\116\016\201\352\145\313\174\373\176\374\166\204\200\046\124\010}{chapter.2}% 13
\BOOKMARK [1][-]{section.2.3}{\376\377\0002\000.\0003\000\040\207\272\145\313\162\266\165\065\141\037\214\020\143\057\201\124\116\016\0002\000.\0005\176\364\214\020\143\057\201\124\116\016\123\125\116\052\201\352\145\313\166\204\200\046\124\010}{chapter.2}% 14
\BOOKMARK [2][-]{subsection.2.3.1}{\376\377\0002\000.\0003\000.\0001\000\040\123\302\145\160\117\060\213\241}{section.2.3}% 15
\BOOKMARK [2][-]{subsection.2.3.2}{\376\377\0002\000.\0003\000.\0002\000\040\165\065\141\037\213\276\213\241\116\016\117\030\123\026}{section.2.3}% 16
\BOOKMARK [0][]{chapter.3}{\376\377\173\054\0003\172\340\000\040\000P\000P\000M\000S\155\113\221\317\174\373\176\337}{ctitle.-1}% 17
\BOOKMARK [1][-]{section.3.1}{\376\377\0003\000.\0001\000\040\155\113\221\317\174\373\176\337\151\202\217\360}{chapter.3}% 18
\BOOKMARK [1][-]{section.3.2}{\376\377\0003\000.\0002\000\040\155\113\221\317\174\373\176\337\166\204\172\013\136\217\177\026\121\231}{chapter.3}% 19
\BOOKMARK [1][-]{section.3.3}{\376\377\0003\000.\0003\000\040\155\113\221\317\174\373\176\337\155\113\213\325}{chapter.3}% 20
\BOOKMARK [2][-]{subsection.3.3.1}{\376\377\0003\000.\0003\000.\0001\000\040\230\221\163\207\142\153\143\317}{section.3.3}% 21
\BOOKMARK [2][-]{subsection.3.3.2}{\376\377\0003\000.\0003\000.\0002\000\040\000V\000N\000A\122\237\163\207\142\153\143\317}{section.3.3}% 22
\BOOKMARK [2][-]{subsection.3.3.3}{\376\377\0003\000.\0003\000.\0003\000\040\156\051\136\246\142\153\143\317}{section.3.3}% 23
\BOOKMARK [2][-]{subsection.3.3.4}{\376\377\0003\000.\0003\000.\0004\000\040\170\301\127\072\142\153\143\317}{section.3.3}% 24
\BOOKMARK [1][-]{section.3.4}{\376\377\0003\000.\0004\000\040\150\067\124\301\142\130\166\204\213\276\213\241\116\016\145\071\217\333}{chapter.3}% 25
\BOOKMARK [0][]{chapter.4}{\376\377\173\054\0004\172\340\000\040\0002\000.\0005\176\364\214\020\143\057\201\124\166\204\122\066\131\007\116\016\155\113\221\317}{ctitle.-1}% 26
\BOOKMARK [1][-]{section.4.1}{\376\377\0004\000.\0001\000\040\126\150\116\366\155\113\221\317\116\016\122\066\131\007\135\345\202\172\151\202\217\360}{chapter.4}% 27
\BOOKMARK [1][-]{section.4.2}{\376\377\0004\000.\0002\000\040\126\150\116\366\123\302\145\160\213\276\213\241}{chapter.4}% 28
\BOOKMARK [1][-]{section.4.3}{\376\377\0004\000.\0003\000\040\121\111\122\073\147\177\166\204\213\276\213\241\116\016\145\071\217\333}{chapter.4}% 29
\BOOKMARK [1][-]{section.4.4}{\376\377\0004\000.\0004\000\040\126\150\116\366\122\066\131\007\140\305\121\265\116\016\145\071\217\333}{chapter.4}% 30
\BOOKMARK [1][-]{section.4.5}{\376\377\0004\000.\0005\000\040\0002\000.\0005\176\364\214\020\143\057\201\124\166\204\155\113\221\317\116\016\213\250\213\272}{chapter.4}% 31
\BOOKMARK [0][]{chapter*.42}{\376\377\143\322\126\376\175\042\137\025}{ctitle.-1}% 32
\BOOKMARK [0][]{chapter*.43}{\376\377\210\150\150\074\175\042\137\025}{ctitle.-1}% 33
\BOOKMARK [0][]{section*.44}{\376\377\121\154\137\017\175\042\137\025}{ctitle.-1}% 34
\BOOKMARK [0][]{section*.46}{\376\377\123\302\200\003\145\207\163\056}{ctitle.-1}% 35
\BOOKMARK [0][]{section*.48}{\376\377\201\364\000\040\214\042}{ctitle.-1}% 36
\BOOKMARK [0][]{section*.50}{\376\377\130\360\000\040\146\016}{ctitle.-1}% 37
\BOOKMARK [0][]{appendix.A}{\376\377\226\104\137\125\000\040\000A\000\040\215\205\133\374\221\317\133\120\153\324\162\171\166\204\123\237\164\006}{ctitle.-1}% 38
\BOOKMARK [0][]{appendix.B}{\376\377\226\104\137\125\000\040\000B\000\040\137\256\176\263\122\240\135\345\135\345\202\172}{ctitle.-1}% 39
\BOOKMARK [1][-]{section.B.1}{\376\377\000B\000.\0001\000\040\121\111\122\073}{appendix.B}% 40
\BOOKMARK [1][-]{section.B.2}{\376\377\000B\000.\0002\000\040\116\313\165\065\134\102\165\037\225\177\116\016\122\073\206\200}{appendix.B}% 41
\BOOKMARK [2][-]{subsection.B.2.1}{\376\377\000B\000.\0002\000.\0001\000\040\122\073\206\200\116\313\165\065\134\102\124\016\123\273\226\144\121\111\122\073\200\366}{section.B.2}% 42
\BOOKMARK [1][-]{section.B.3}{\376\377\000B\000.\0003\000\040\121\111\122\073\200\366\000L\000i\000f\000t\000\040\000o\000f\000f}{appendix.B}% 43
\BOOKMARK [1][-]{section.B.4}{\376\377\000B\000.\0004\000\040\170\301\143\247\156\205\134\004\225\100\201\234}{appendix.B}% 44
\BOOKMARK [1][-]{section.B.5}{\376\377\000B\000.\0005\000\040\000A\000r\000g\000o\000n\000\040\000m\000i\000l\000l\000i\000n\000g\123\273\226\144\154\047\123\026\134\102}{appendix.B}% 45
\BOOKMARK [1][-]{section.B.6}{\376\377\000B\000.\0006\000\040\160\271\161\012}{appendix.B}% 46
\BOOKMARK [0][]{appendix.C}{\376\377\226\104\137\125\000\040\000C\000\040\000P\000P\000M\000S\174\373\176\337\166\204\136\070\165\050\144\315\117\134}{ctitle.-1}% 47
\BOOKMARK [1][-]{section.C.1}{\376\377\000C\000.\0001\000\040\214\003\202\202\156\051\136\246\116\016\170\301\127\072}{appendix.C}% 48
\BOOKMARK [1][-]{section.C.2}{\376\377\000C\000.\0002\000\040\146\364\143\142\150\067\124\301}{appendix.C}% 49
\BOOKMARK [0][]{appendix.D}{\376\377\226\104\137\125\000\040\000D\000\040\155\113\221\317\174\373\176\337\000M\000A\000T\000L\000A\000B\116\343\170\001}{ctitle.-1}% 50
\BOOKMARK [1][-]{section.D.1}{\376\377\000D\000.\0001\000\040\000V\000N\000A\143\247\122\066\116\343\170\001}{appendix.D}% 51
\BOOKMARK [1][-]{section.D.2}{\376\377\000D\000.\0002\000\040\000P\000P\000M\000S\143\247\122\066\116\343\170\001}{appendix.D}% 52
\BOOKMARK [1][-]{section.D.3}{\376\377\000D\000.\0003\000\040\142\153\143\317\156\051\136\246\116\016\170\301\127\072\133\236\232\214\166\204\116\343\170\001}{appendix.D}% 53
\BOOKMARK [2][-]{subsection.D.3.1}{\376\377\000D\000.\0003\000.\0001\000\040\142\153\143\317\156\051\136\246}{section.D.3}% 54
\BOOKMARK [2][-]{subsection.D.3.2}{\376\377\000D\000.\0003\000.\0002\000\040\142\153\143\317\170\301\127\072}{section.D.3}% 55
\BOOKMARK [0][]{appendix.E}{\376\377\226\104\137\125\000\040\000E\000\040\131\026\145\207\215\104\145\231\214\003\170\024\226\005\213\373\142\245\124\112}{ctitle.-1}% 56
\BOOKMARK [0][]{section*.52}{\376\377\127\050\133\146\147\037\225\364\123\302\122\240\213\376\230\230\166\204\170\024\172\166\142\020\147\234}{ctitle.-1}% 57
